0 info it worked if it ends with ok
1 verbose cli [ 'C:\\Program Files\\nodejs\\node.exe',
1 verbose cli   'C:\\Program Files\\nodejs\\node_modules\\npm\\bin\\npm-cli.js',
1 verbose cli   'run',
1 verbose cli   'lint' ]
2 info using npm@3.10.10
3 info using node@v6.11.3
4 verbose run-script [ 'prelint', 'lint', 'postlint' ]
5 info lifecycle your-app-name@1.0.0~prelint: your-app-name@1.0.0
6 silly lifecycle your-app-name@1.0.0~prelint: no script for prelint, continuing
7 info lifecycle your-app-name@1.0.0~lint: your-app-name@1.0.0
8 verbose lifecycle your-app-name@1.0.0~lint: unsafe-perm in lifecycle true
9 verbose lifecycle your-app-name@1.0.0~lint: PATH: C:\Program Files\nodejs\node_modules\npm\bin\node-gyp-bin;D:\个人\helper\node_modules\.bin;C:\windows\system32;C:\windows;C:\windows\System32\Wbem;C:\windows\System32\WindowsPowerShell\v1.0\;C:\Program Files\TortoiseGit\bin;C:\Program Files\nodejs\;C:\Program Files\TortoiseSVN\bin;C:\Users\Administrator\AppData\Roaming\npm
10 verbose lifecycle your-app-name@1.0.0~lint: CWD: D:\个人\helper
11 silly lifecycle your-app-name@1.0.0~lint: Args: [ '/d /s /c', 'eslint --ext .js src' ]
12 silly lifecycle your-app-name@1.0.0~lint: Returned: code: 1  signal: null
13 info lifecycle your-app-name@1.0.0~lint: Failed to exec lint script
14 verbose stack Error: your-app-name@1.0.0 lint: `eslint --ext .js src`
14 verbose stack Exit status 1
14 verbose stack     at EventEmitter.<anonymous> (C:\Program Files\nodejs\node_modules\npm\lib\utils\lifecycle.js:255:16)
14 verbose stack     at emitTwo (events.js:106:13)
14 verbose stack     at EventEmitter.emit (events.js:191:7)
14 verbose stack     at ChildProcess.<anonymous> (C:\Program Files\nodejs\node_modules\npm\lib\utils\spawn.js:40:14)
14 verbose stack     at emitTwo (events.js:106:13)
14 verbose stack     at ChildProcess.emit (events.js:191:7)
14 verbose stack     at maybeClose (internal/child_process.js:920:16)
14 verbose stack     at Process.ChildProcess._handle.onexit (internal/child_process.js:230:5)
15 verbose pkgid your-app-name@1.0.0
16 verbose cwd D:\个人\helper
17 error Windows_NT 6.1.7601
18 error argv "C:\\Program Files\\nodejs\\node.exe" "C:\\Program Files\\nodejs\\node_modules\\npm\\bin\\npm-cli.js" "run" "lint"
19 error node v6.11.3
20 error npm  v3.10.10
21 error code ELIFECYCLE
22 error your-app-name@1.0.0 lint: `eslint --ext .js src`
22 error Exit status 1
23 error Failed at the your-app-name@1.0.0 lint script 'eslint --ext .js src'.
23 error Make sure you have the latest version of node.js and npm installed.
23 error If you do, this is most likely a problem with the your-app-name package,
23 error not with npm itself.
23 error Tell the author that this fails on your system:
23 error     eslint --ext .js src
23 error You can get information on how to open an issue for this project with:
23 error     npm bugs your-app-name
23 error Or if that isn't available, you can get their info via:
23 error     npm owner ls your-app-name
23 error There is likely additional logging output above.
24 verbose exit [ 1, true ]
